(lp0
S'dtlz3_o4_d40_u_spread'
p1
a(lp2
F1902.1888536077897
aF1514.9628263141972
aF809.3932673474972
aF70.83508058637554
aa(lp3
F1.308467509079504
aF1.180621702386623
aF0.6132717218492036
aF460.8903882069221
aa(lp4
F5.630637693561312
aF421.0999291501789
aF160.2223162471489
aF79.65567530685848
aa(lp5
F2316.0540155161257
aF1962.2754946185905
aF3345.2278856116877
aF1379.5226600033388
aa(lp6
F2061.2639292211998
aF389.7655863970049
aF4013.09216936103
aF1235.3848047385047
aa(lp7
F2499.0807480603467
aF4.407672756806219
aF1661.3018769884354
aF447.0541620453416
aa(lp8
F2446.270963341305
aF2214.4015080837694
aF987.0076336006196
aF2310.8666615904253
aa(lp9
F2687.7526141010508
aF947.0846935030213
aF1273.3876490995456
aF3134.5894855537845
aa(lp10
F1765.5752590917841
aF3347.9265869402634
aF440.461270184715
aF1924.624047130942
aa(lp11
F2693.8820500032703
aF1761.0902498579496
aF45.04481836820639
aF2459.905333728586
aa(lp12
F2120.8047789744537
aF920.6051996964956
aF1711.5953135217069
aF2536.7028250671287
aa(lp13
F694.1568522795096
aF2492.155763637474
aF483.3872550504124
aF1604.6736866662452
aa(lp14
F1637.229016396355
aF750.074330978073
aF2541.8522659601113
aF1081.1787903497057
aa(lp15
F866.5953971917033
aF292.302497794989
aF2115.6644329362352
aF334.79783551217236
aa(lp16
F79.64717106081872
aF381.71428720173617
aF124.29859953307482
aF13.524320069467251
aa(lp17
F885.579484848648
aF14.579101777552694
aF1131.9699750066604
aF803.2458378514377
aa(lp18
F332.11044674509776
aF266.68038004286905
aF522.225190276614
aF128.7876746714105
aa(lp19
F2247.284620463024
aF640.7795660762077
aF3225.1241461631853
aF113.81908658697341
aa(lp20
F3889.333714420675
aF53.081708812738285
aF2425.0133001780077
aF68.13162952059207
aa(lp21
F2434.6988619245276
aF3085.900475683989
aF384.06296248549955
aF220.5628014846019
aa.