(lp0
S'dtlz1_o2_d40_u_spread'
p1
a(lp2
F196.11369021267234
aF193.68093110317992
aa(lp3
F558.4243099877783
aF531.009201178955
aa(lp4
F174.99432904394837
aF101.44680639492817
aa(lp5
F297.0017471397261
aF335.3523503037957
aa(lp6
F7.444186004282713
aF30.476679946386923
aa(lp7
F36.37752516598863
aF8.625852513077163
aa(lp8
F306.9681821951381
aF246.1936675857491
aa(lp9
F145.38885638795506
aF217.1645029336883
aa(lp10
F39.64381121757801
aF173.34558977125135
aa(lp11
F204.89049700304912
aF276.4818066539004
aa(lp12
F183.13612160907212
aF228.86691482959338
aa(lp13
F53.56740277221735
aF108.4812790966945
aa(lp14
F235.9676953560389
aF152.28394710775999
aa(lp15
F193.19994681288324
aF320.86833840717645
aa(lp16
F308.26769868681123
aF443.680509746658
aa(lp17
F76.163311007527
aF144.89870325268666
aa(lp18
F237.12555989204762
aF125.1827643501818
aa(lp19
F253.69085855805133
aF219.57547834554677
aa(lp20
F177.8185743594426
aF294.78079149777363
aa(lp21
F164.1115237383056
aF304.7676157996516
aa.