(lp0
S'dtlz1_o6_d10_u_spread'
p1
a(lp2
F0.3612476840166609
aF0.258078080655824
aF44.866739696852186
aF18.829422448345813
aF55.61413949590384
aF143.29567387405916
aa(lp3
F4.484927417926457
aF5.311842861656328
aF1.1157322906153695
aF191.8450485061969
aF18.598453646948663
aF45.3803766526668
aa(lp4
F9.746049854840809
aF1.0301156132420055
aF4.605568963262963
aF8.985841948225012
aF51.11357477068174
aF54.549859093052
aa(lp5
F11.923836065210189
aF4.306008714289627
aF9.506340048476986
aF158.7521929758883
aF117.30558350568627
aF42.105343404294146
aa(lp6
F0.3605891556590667
aF1.4822045458254596
aF25.685770071245443
aF25.969482377555202
aF240.6103746345853
aF395.70300075555224
aa(lp7
F8.67171125819861
aF4.49875324079703
aF100.77264851334108
aF24.451031017562688
aF281.48196867641036
aF32.37239412503966
aa(lp8
F4.226382991332254
aF15.149180282822934
aF70.35768253766442
aF3.1203508131049063
aF93.70912713689066
aF79.82632778003143
aa(lp9
F35.26823277114664
aF21.26573591192116
aF95.56442755769979
aF193.79201985736452
aF94.84034171208032
aF15.601542416625612
aa(lp10
F17.265623335828476
aF138.2852413192769
aF12.99572818214898
aF71.78229701725597
aF203.8275305195147
aF104.45076434844833
aa(lp11
F236.37603807829873
aF16.93744659809817
aF114.2772246527969
aF110.86148638248264
aF46.20518149396906
aF40.81937891986525
aa(lp12
F2.022458424104873
aF82.74296181680624
aF105.90100737781816
aF177.48414379052397
aF50.55645373176772
aF60.689196356705324
aa(lp13
F48.10438170729846
aF9.722347193047593
aF124.37634918693763
aF76.83329442745486
aF283.75484083910595
aF21.60494631895073
aa(lp14
F41.24020386874
aF42.903944218410416
aF12.966655161576815
aF229.19168365265944
aF102.54449938491352
aF79.6853074429627
aa(lp15
F4.914603058519648
aF0.10918657770666479
aF7.826281049460486
aF2.8370633482705863
aF94.56365931589252
aF219.9538821310561
aa(lp16
F16.643329556348935
aF0.415681772818407
aF82.67790125994696
aF80.27669464678559
aF0.45956845104999644
aF39.41051050495019
aa(lp17
F75.8924208812754
aF29.357053233753472
aF13.766333327122236
aF184.22288899767287
aF297.0756990729229
aF19.385318738660118
aa(lp18
F60.85693036617906
aF60.207970116335204
aF3.149070363026964
aF197.61828664047474
aF0.8581933727381745
aF83.87352695871135
aa(lp19
F49.20056740382589
aF95.18567912668664
aF299.9356877364699
aF0.756523125508813
aF52.934315842253255
aF208.20233172618754
aa(lp20
F4.480127652279423
aF123.66798117869457
aF4.382870191574165
aF384.0464012185845
aF163.14515574965642
aF1.308943381098704
aa(lp21
F2.811143408965823
aF7.709594325377081
aF6.208681810884173
aF323.27302753864467
aF150.4631580184766
aF59.753354042857325
aa.