(lp0
S'dtlz5_o6_d20_u_spread'
p1
a(lp2
F0.5316528974147733
aF0.378123311586697
aF0.2008516787168279
aF0.34787491978867136
aF0.1222101421911268
aF0.9178923498527976
aa(lp3
F0.15030197675423546
aF0.011438073888353328
aF0.052956227152919755
aF0.623885329295338
aF0.3461137433321928
aF0.21223932948418994
aa(lp4
F0.09245541732852194
aF0.12316097610021313
aF0.2997290441385748
aF0.2078815445738944
aF0.32435156638199136
aF0.04710952501133736
aa(lp5
F1.1388171049949594
aF0.5146726845501141
aF0.05337751993278228
aF0.6984488530587154
aF0.6204054358244845
aF0.5053660650956583
aa(lp6
F0.3701087248021887
aF0.6516867056472577
aF0.08877017263575515
aF0.7703451084083649
aF0.09746508268433995
aF0.06945510084878714
aa(lp7
F0.19928697745265941
aF0.13419655088513285
aF0.13604677466182316
aF0.07862761249441585
aF0.11609923579566495
aF0.19805184552057353
aa(lp8
F0.013722282891461463
aF0.021381006580465295
aF0.08706333457363746
aF0.39139619249408675
aF1.5037018066730983
aF0.5389313786671514
aa(lp9
F0.20825909419151803
aF0.07597340870437708
aF0.14657752165544524
aF0.21289449751007278
aF0.23071207451456277
aF0.6035739981053554
aa(lp10
F0.09033905254905417
aF0.28896600623196894
aF1.4838176432916084
aF0.32009554493372405
aF0.2041360479004093
aF0.31918418930254533
aa(lp11
F0.48454218407192473
aF0.38982979270672474
aF0.3568778054467202
aF0.018106810591283606
aF0.15346795584283712
aF0.8712762283417819
aa(lp12
F0.0013080626316696875
aF0.03170817674814497
aF0.3319833874322104
aF0.28442079862435055
aF1.0031903861676255
aF1.1014904920203012
aa(lp13
F0.24566688159626593
aF0.2868375787094061
aF1.4070372000444353
aF0.41141048321765505
aF0.2381627650189847
aF1.1929410164147078
aa(lp14
F0.17434491018268447
aF0.15129552089964327
aF0.14977088525745924
aF0.2471967187949103
aF0.8667605556390869
aF0.9254990513597599
aa(lp15
F0.5331800179365829
aF0.3289735317221578
aF0.028593880563001828
aF0.6719962445146198
aF0.7465924141247795
aF0.3834563176298462
aa(lp16
F0.23150903406571754
aF0.23203371023354197
aF0.2362260061237031
aF0.7957483394155515
aF0.09690800281599266
aF0.7013038395717965
aa(lp17
F0.20842499376784984
aF0.6203011347507615
aF0.9113339634735023
aF0.3117927300236116
aF0.8330369425764146
aF0.5759704311021052
aa(lp18
F0.14533226935237079
aF0.14469731538359815
aF0.0797468851543755
aF0.08642599588645422
aF0.03597240582142902
aF0.8288892835697073
aa(lp19
F0.0007236989281351192
aF0.38826076937785703
aF1.015516072655198
aF1.18961638992754
aF0.2603780963579495
aF0.6687961079558644
aa(lp20
F0.3864940045177362
aF0.12079452985697747
aF0.006309577196343064
aF0.961637473835637
aF1.7229399794905038
aF0.6461937384329455
aa(lp21
F0.08683682801318271
aF0.13376518868009019
aF0.4758083923773259
aF1.0425301232523754
aF0.31531607661998207
aF1.5865471656493288
aa.