(lp0
S'dtlz1_o6_d20_u_spread'
p1
a(lp2
F6.175013394517842
aF2.1607115611232297
aF22.323986155263796
aF65.88105229217614
aF27.892876315472876
aF669.2276449681647
aa(lp3
F56.604417939333594
aF4.418534242336038
aF166.86273368623694
aF88.69731878836541
aF261.9293413724693
aF98.05092826897922
aa(lp4
F3.3859626215150787
aF0.17403055684537572
aF27.35973847832252
aF668.4095939966226
aF186.56145619501737
aF359.7927988443659
aa(lp5
F26.804713863951836
aF9.699572864837924
aF89.848294435081
aF175.830813164879
aF55.617119281070906
aF632.5329130488977
aa(lp6
F0.030754073273396243
aF0.8529467831568275
aF194.72197587780707
aF205.1669019845547
aF286.6285004595258
aF7.772914401287451
aa(lp7
F10.070507456980025
aF41.23871815183694
aF134.60536756303716
aF631.367257878346
aF262.4432876845851
aF463.2626248027698
aa(lp8
F31.317158007253376
aF40.40600528131149
aF17.767191153262036
aF697.357165382546
aF255.4318639669487
aF393.8968260971474
aa(lp9
F8.49391154349323
aF57.77373199783418
aF3.0437191356316564
aF82.717479050374
aF285.0236697096292
aF318.0982775182054
aa(lp10
F100.07724799443538
aF69.36174706717149
aF327.92867564715283
aF7.5291343210920445
aF318.8578576880938
aF210.19912614660683
aa(lp11
F52.71737615499678
aF0.13791121666885314
aF5.246416483558688
aF63.815346774854774
aF31.095969620354765
aF55.37524899821841
aa(lp12
F2.437524374916202
aF2.836993898316243
aF0.2901159605764544
aF573.8822349579356
aF334.7525222817835
aF819.4156358127582
aa(lp13
F181.39871675356005
aF91.91472513859301
aF194.9381834611778
aF30.13280848074114
aF169.95188448821926
aF302.9435894618428
aa(lp14
F0.3296850764474789
aF0.45758864617292244
aF69.59359616658162
aF170.41717768488624
aF298.4642715915807
aF90.9619807574789
aa(lp15
F10.629557772580178
aF424.85171874155463
aF47.177011833705336
aF92.71524401986737
aF311.29550989768694
aF190.1940696275325
aa(lp16
F0.3059542682657592
aF2.930863463423047
aF5.848627848423163
aF81.11979225928013
aF103.71588642261341
aF45.79404815888381
aa(lp17
F13.993751226760743
aF59.59298302430744
aF13.616426163304865
aF168.8512627031721
aF45.69145365993012
aF184.82018646747338
aa(lp18
F17.839683533459038
aF133.36885504047157
aF11.523680058708445
aF247.21562836214818
aF115.73959799038829
aF385.6772430087533
aa(lp19
F34.16548988677044
aF109.19701960271799
aF3.8486947717505267
aF328.665612972923
aF32.4740771957578
aF19.075244491236674
aa(lp20
F214.2221210079867
aF269.1298130011973
aF11.876121867904637
aF217.58911918722987
aF5.452065398170497
aF302.82023215983344
aa(lp21
F2.2720103722272658
aF9.665602506182518
aF1.7729371829760545
aF585.134763080724
aF27.582725495016874
aF137.9980253259548
aa.