(lp0
S'dtlz3_o4_d20_u_spread'
p1
a(lp2
F0.0793947013557954
aF176.2627964339688
aF172.06068226579717
aF127.96197116144214
aa(lp3
F1.2713019912837358
aF23.798583536348573
aF1064.728040082444
aF32.81777045442118
aa(lp4
F1.8118592469155033
aF494.2877345550097
aF161.5802801199535
aF355.9448858926097
aa(lp5
F361.8174146534437
aF530.7412893771707
aF318.6984367669539
aF573.7928151195333
aa(lp6
F485.0713435784875
aF1249.617752067441
aF905.9828027158998
aF1008.5798603314354
aa(lp7
F237.82374023328055
aF73.96036978771724
aF3.1822708598097673
aF316.79203665427053
aa(lp8
F26.51747791073413
aF754.0702205128848
aF644.1499668222428
aF10.228084875666415
aa(lp9
F718.9988220114097
aF875.2697428590432
aF406.9170097236587
aF33.45309033662352
aa(lp10
F350.1272982271349
aF1066.000112528802
aF1474.6918291517215
aF248.30677599418283
aa(lp11
F904.4611063738189
aF562.7312382155314
aF965.74777394886
aF232.33978583704862
aa(lp12
F0.8334575436877647
aF8.322092981232691
aF5.392125538659459
aF204.7954143501613
aa(lp13
F920.346044493663
aF17.745942369038175
aF477.0018948682347
aF0.17914772014272096
aa(lp14
F347.0335013170069
aF1038.3814496442892
aF291.5803393612487
aF821.3891946314428
aa(lp15
F756.8386957349038
aF493.2235236414791
aF229.2196964663781
aF187.01252360576458
aa(lp16
F1575.7076425845628
aF71.78664861657003
aF1470.7271376302137
aF87.28982811646802
aa(lp17
F349.53760705049154
aF349.98664072565884
aF151.04215715365729
aF693.2223211877347
aa(lp18
F622.3010515481932
aF1445.8073128382591
aF1055.7974286325662
aF815.2559562697505
aa(lp19
F278.85598407414733
aF253.26267785762866
aF554.7069383178155
aF4.267225100366866
aa(lp20
F110.51476370166938
aF367.6679467632598
aF804.2270965827103
aF557.0723536613202
aa(lp21
F1187.0536352812646
aF210.31643859394114
aF1223.0332249585015
aF637.5510002767808
aa.