(lp0
S'dtlz7_o6_d20_u_spread'
p1
a(lp2
F0.044775177415912415
aF0.20559903363048693
aF0.016550000438846357
aF0.20006599971046912
aF0.045352243367581924
aF9.643085591121821
aa(lp3
F0.23175086056208538
aF0.25904322668787416
aF0.26481773425342536
aF0.14867185882241685
aF0.20564052425824964
aF4.236356209416819
aa(lp4
F0.004605206840163634
aF0.15966355314966396
aF0.2577630907703303
aF0.6966391757134479
aF0.7735727757167173
aF1.4512647584727745
aa(lp5
F0.49624560648081684
aF0.08646593395522284
aF0.7321159594950412
aF0.0
aF0.024539512421079546
aF1.4137763032630133
aa(lp6
F0.24843018202764666
aF0.08273618114471648
aF0.02280383281896159
aF0.23298185447300956
aF0.9107725101472508
aF0.5798606589891939
aa(lp7
F0.2591652279964278
aF0.544123156190729
aF0.4177666290101063
aF0.4860332908631988
aF0.011282593806377306
aF3.2264267908693256
aa(lp8
F0.4751524716649007
aF0.13083101781964568
aF0.0048241533074796505
aF0.05207953030110424
aF0.0
aF0.1646921114853832
aa(lp9
F0.0002610353611114391
aF0.26843345882191627
aF0.21856529033106542
aF0.19528335328034718
aF0.8458738374347976
aF0.9436290665123899
aa(lp10
F0.29740639464666996
aF0.8282669425802003
aF0.11969171707221438
aF0.17652416624646905
aF0.15359161919588082
aF0.033534062462052816
aa(lp11
F0.012945738313727473
aF0.2879247220117036
aF0.013830134181360143
aF0.35717122383163713
aF0.062370135876430366
aF1.9921484636165552
aa(lp12
F0.44585280337925215
aF0.0660792499051831
aF0.2522574503351679
aF0.4352648259418611
aF0.6628901441072493
aF6.07255069759799
aa(lp13
F0.03122945451172221
aF0.30386174300818325
aF0.5190989721986111
aF0.05372625265100306
aF0.4526652493979457
aF1.6859418485928153
aa(lp14
F0.11224953287050443
aF0.20755009993126872
aF0.11254762082048442
aF0.3350852555388585
aF0.5191712547225766
aF2.019374637626619
aa(lp15
F0.025533400281195218
aF0.06047368826561472
aF0.39896986470146656
aF0.08564352825280797
aF0.0
aF8.824020262875784
aa(lp16
F0.023606661917419225
aF0.08612584285210168
aF0.09895857068244995
aF0.11910215917071354
aF0.30549971073134363
aF3.522978953867053
aa(lp17
F0.16066655702471389
aF0.09077713249562902
aF0.1264048608122712
aF0.015386876922996229
aF0.20910548973781728
aF6.368863550725337
aa(lp18
F0.05467832046181276
aF0.8029649072568689
aF0.8175435310768147
aF0.1314815337493993
aF0.4244984328996859
aF4.018724130735855
aa(lp19
F0.176829371990455
aF0.03717508418571758
aF0.7582882690775462
aF0.3875348498284712
aF0.037922166831508064
aF4.586042473818239
aa(lp20
F0.10688466304430289
aF0.003550262538215665
aF0.4338646544131235
aF0.1898874460828346
aF0.39114931869463576
aF1.7569523851077555
aa(lp21
F0.07022744111033419
aF0.14694638964304507
aF0.33671289589684306
aF0.21970333773792872
aF0.6835545237446486
aF5.026507801511304
aa.