(lp0
S'dtlz7_o4_d40_u_spread'
p1
a(lp2
F0.7717629589723315
aF0.3589994539045498
aF0.5955303990929771
aF0.4222221231044365
aa(lp3
F0.0
aF0.037737434113530255
aF0.03783998125455679
aF1.2200488586236737
aa(lp4
F0.07492396314841177
aF0.02019484644914249
aF0.5130737660195623
aF1.2062741977142792
aa(lp5
F0.03194896116250323
aF0.9267445343561337
aF0.2781913826855472
aF3.385324662958313
aa(lp6
F0.5815307743544491
aF0.011301060253431028
aF0.0198705410919513
aF0.5498480566302675
aa(lp7
F0.0
aF0.21543410080709613
aF0.10461627697140119
aF0.08183121786029801
aa(lp8
F0.016902537467110013
aF0.7884174496204814
aF0.9089629162700749
aF0.6369842531181646
aa(lp9
F0.03799093970886136
aF0.0
aF0.0
aF3.7586371684563638
aa(lp10
F0.7676122331555995
aF0.22339363225385045
aF0.6648624078921755
aF0.7272009951788565
aa(lp11
F0.002067187413384297
aF0.0
aF0.7550213084226007
aF3.7843757683401584
aa(lp12
F0.015226534616066267
aF0.5651642835060329
aF0.012287339904450745
aF0.5398245131387682
aa(lp13
F0.05799687312900681
aF0.805865536455316
aF0.0
aF0.5701327211557086
aa(lp14
F0.0011170723533406868
aF0.03266994262837186
aF0.21994183481651997
aF5.757180167351002
aa(lp15
F0.06530309906843479
aF0.0
aF0.24382317897527617
aF0.8266867737274985
aa(lp16
F0.13565556255714595
aF0.7687316241046116
aF0.3683213632051028
aF1.5822935823489672
aa(lp17
F0.23082228219300815
aF0.7499030250534149
aF0.07038965270236852
aF0.8795593707516236
aa(lp18
F0.9395074567010975
aF0.02052830533545047
aF0.7793399238423593
aF0.7507422127894898
aa(lp19
F0.3371751792776707
aF0.15570211662815203
aF0.06028087839426677
aF1.4170468116971655
aa(lp20
F0.13545944764256368
aF0.22899121027668978
aF0.019867881629772932
aF0.10913667035796593
aa(lp21
F0.08944634625967463
aF0.19847677066163227
aF0.7580572545709913
aF0.3518807997261355
aa.