(lp0
S'dtlz7_o2_d20_u_spread'
p1
a(lp2
F0.6053740546608869
aF0.20031964782398504
aa(lp3
F0.018628956314911238
aF0.04771242740280357
aa(lp4
F0.7778892891245075
aF0.7314273455695388
aa(lp5
F0.08092323143219315
aF0.27135275696199646
aa(lp6
F0.0033573515595007875
aF0.05556877684426986
aa(lp7
F0.0
aF0.0754839103124958
aa(lp8
F0.580657489924035
aF0.20182326934331396
aa(lp9
F0.5919439541249237
aF0.6755332032004677
aa(lp10
F0.7133052676982184
aF0.4893199291038828
aa(lp11
F0.5386162207534092
aF0.5289854853024982
aa(lp12
F0.5728508974551405
aF0.5064880211901008
aa(lp13
F0.6323155961341161
aF0.18124072195833563
aa(lp14
F0.6489243324245952
aF0.7002588374932
aa(lp15
F0.5497323605844936
aF0.5033488412943541
aa(lp16
F0.696884822876178
aF0.6596733825806229
aa(lp17
F0.0011504681236376157
aF0.16581258731638382
aa(lp18
F0.012489668850573343
aF0.006831486699318212
aa(lp19
F0.654328658470733
aF0.4061871335660472
aa(lp20
F0.666540306337964
aF0.6524936068409595
aa(lp21
F0.7311254608536256
aF1.8251512590899974
aa.