(lp0
S'dtlz3_o6_d20_u_spread'
p1
a(lp2
F1045.112847843075
aF12.472849415286493
aF543.9508445074559
aF291.44061286009725
aF400.36675192835116
aF15.600026856564682
aa(lp3
F28.50092411074556
aF1.1032674905224584
aF246.97119017547857
aF1600.9078286625213
aF259.31302447470534
aF1205.2267728770635
aa(lp4
F8.530838893360215
aF31.43426050390214
aF612.2356126133968
aF256.7886263095944
aF299.1534194824433
aF138.7471527468981
aa(lp5
F53.590953092022964
aF157.928702666135
aF2036.2113059361793
aF44.71128375558868
aF333.2018390150581
aF1272.222218630013
aa(lp6
F6.774110903449058
aF3.153561694535731
aF13.229245680329317
aF142.05955355708204
aF533.6756010795527
aF60.46143204839427
aa(lp7
F921.4380701583261
aF1600.9887911235573
aF11.194823008206527
aF1133.2239711430673
aF82.74955625791107
aF913.5510567056549
aa(lp8
F452.41769746810337
aF1124.4923704907706
aF845.00343117172
aF521.2979151563351
aF132.1841830475372
aF287.02110790439906
aa(lp9
F530.5787326806685
aF791.6195880374057
aF254.5178609556027
aF793.3583593870882
aF604.472482818035
aF907.1626508988064
aa(lp10
F9.482772795025642
aF8.044351024094686
aF1633.8955488583927
aF32.938131757182425
aF993.03638690321
aF1816.3372212076897
aa(lp11
F618.2457302748221
aF875.1772870785295
aF495.81299073730474
aF570.8735603103605
aF247.5771877216198
aF208.04148193451226
aa(lp12
F144.09291710179218
aF249.90033136673037
aF1436.9486876316382
aF480.83545444138696
aF549.3068670863786
aF387.2081981238624
aa(lp13
F32.83447123431978
aF267.39212678536563
aF120.76877046799817
aF594.3439796899977
aF1429.180159747697
aF164.44583767061147
aa(lp14
F473.64354687404534
aF72.77985405538236
aF140.00723700435103
aF146.61965270447752
aF201.09737435585038
aF656.4552901763238
aa(lp15
F68.26008557236088
aF129.50634922964593
aF1548.2035483302564
aF1477.8513449145728
aF1952.7623753492653
aF490.72646466371845
aa(lp16
F12.693024991482522
aF5.358352891965268
aF24.78747418657772
aF644.8910228377866
aF1352.968122321138
aF1890.1599472244325
aa(lp17
F966.0949169786062
aF881.298553613063
aF1631.9653040252806
aF239.3686455363487
aF1517.4355392085208
aF0.6834791408010403
aa(lp18
F16.753384694961262
aF1.4606739965313338
aF1003.0701766669621
aF554.306449418806
aF1058.5181362545568
aF556.4190088325811
aa(lp19
F162.05746989334867
aF990.8356817906579
aF782.0883267173715
aF218.19019115121966
aF1046.1120970972966
aF817.0943756225005
aa(lp20
F255.15522513525016
aF264.6512271082585
aF292.6663416466568
aF710.5519084398135
aF1439.1914788984539
aF903.3657583376694
aa(lp21
F37.48753382818608
aF67.64311884771789
aF239.06805178143088
aF446.34239877021633
aF81.559085382185
aF385.4260910606105
aa.