(lp0
S'dtlz3_o2_d40_u_spread'
p1
a(lp2
F653.9844273685088
aF388.74736862808646
aa(lp3
F695.7229121592866
aF660.3542602953787
aa(lp4
F84.38349158107286
aF49.25058523482454
aa(lp5
F120.20543679712546
aF124.86016398788581
aa(lp6
F53.58739288134049
aF119.82909548275575
aa(lp7
F144.9576645259629
aF221.70814696915403
aa(lp8
F504.83535476134745
aF349.63470123180593
aa(lp9
F433.56274491610384
aF92.75956262866396
aa(lp10
F364.86244712552553
aF694.0941244740601
aa(lp11
F201.9823666279325
aF2.4013747902929232
aa(lp12
F245.67950535662408
aF109.83154917565554
aa(lp13
F0.9895822595845178
aF90.1565401300038
aa(lp14
F228.22879933919785
aF85.58042067655566
aa(lp15
F172.29970374238522
aF88.53457185847293
aa(lp16
F308.56705137765954
aF198.23275982851294
aa(lp17
F841.2689492385343
aF1099.9758120635377
aa(lp18
F336.29253565322216
aF616.2493043293581
aa(lp19
F256.6601175040891
aF290.8569804390826
aa(lp20
F752.9894369683394
aF880.3625208188989
aa(lp21
F428.2666963340709
aF11.753963870574012
aa.