(lp0
S'dtlz7_o2_d10_u_spread'
p1
a(lp2
F0.005809983527379714
aF0.035085374243528644
aa(lp3
F0.8068731439472685
aF0.14671857626133544
aa(lp4
F0.0
aF0.05715415874177854
aa(lp5
F0.0
aF0.0704403473088222
aa(lp6
F0.7105893057179982
aF0.10989727003719096
aa(lp7
F0.03838580823756421
aF0.11114023937260775
aa(lp8
F0.018800873427540776
aF0.061238830819259515
aa(lp9
F0.6057898794273747
aF0.016511421655362568
aa(lp10
F0.006895031623920356
aF0.17947898254421535
aa(lp11
F0.10930868128433968
aF0.008347010359353035
aa(lp12
F0.6643226467174658
aF0.015536024275962568
aa(lp13
F0.8074276545124265
aF0.2074044232061416
aa(lp14
F0.03450762498877891
aF0.061653273670584596
aa(lp15
F0.6806665175100154
aF0.12688449261203072
aa(lp16
F0.049525462755156124
aF0.10492139207596463
aa(lp17
F0.8189109128672497
aF0.03225988851743011
aa(lp18
F0.7950512033583188
aF0.13504399953369184
aa(lp19
F0.6548589541272932
aF0.011366896447749575
aa(lp20
F0.0004932949036926537
aF0.0005972048541655894
aa(lp21
F0.0
aF0.007312757410044224
aa.