(lp0
S'dtlz7_o8_d10_u_spread'
p1
a(lp2
F0.07176301531403362
aF0.41902360609181244
aF0.06139236947644611
aF0.6273319142846777
aF0.17930137182097472
aF0.5533299675542811
aF0.25553655678871545
aF3.833614723475378
aa(lp3
F0.053560522867040494
aF0.40023513466126726
aF0.2670660227637879
aF0.5165080499910781
aF0.0
aF0.05927054094209494
aF0.31315006021763603
aF6.658363444310005
aa(lp4
F0.10795822233884711
aF0.2604023360240896
aF0.07471382228270729
aF0.053268210991943454
aF0.04210668262552053
aF0.29361298762885935
aF0.16325216681916133
aF1.3702770479578348
aa(lp5
F0.010890004909667295
aF0.8364420134342249
aF0.9701820984439092
aF0.29647045716843246
aF0.6779154223540199
aF0.2833336019984273
aF0.36574959977475063
aF9.483071305815692
aa(lp6
F0.21372160699717557
aF0.1385814942424769
aF0.17332885627383143
aF0.10958224364087021
aF0.5900663562148741
aF0.5517939268531915
aF0.21767305685068272
aF8.010398823397416
aa(lp7
F0.7660322167551392
aF0.8132058430216744
aF0.6501118025503217
aF0.5029473469985972
aF0.16562366423200692
aF0.0
aF0.4151639013764844
aF10.89611996580344
aa(lp8
F0.5342967979099159
aF0.5531396520119817
aF0.5140004855996347
aF0.7668321884166237
aF0.425410717856638
aF0.15411236152158048
aF0.48677599865749854
aF9.737596267855288
aa(lp9
F0.0007557281664211102
aF0.28858347575672205
aF0.6317554999832323
aF0.4072123714541498
aF0.15719802193328802
aF0.34879957176540044
aF0.022697988913803036
aF6.214843490004817
aa(lp10
F0.6907733646570633
aF0.9148239867825996
aF0.08908423504872454
aF0.5033629570435976
aF0.7018479950336136
aF0.7924879377960637
aF0.21140578418399836
aF9.588097896060525
aa(lp11
F0.0561351269947602
aF0.044951001573581006
aF0.3974921301578428
aF0.19131932736167345
aF0.49371220087401657
aF0.2948339801043981
aF0.12618403289565228
aF2.8619808267285194
aa(lp12
F0.09795964933531065
aF0.5819530461074507
aF0.5081456435312816
aF0.8079870582015445
aF0.5816731004094637
aF0.02670056659479192
aF0.06784464105964094
aF5.255558833629188
aa(lp13
F0.5731887126708752
aF0.810375316125219
aF0.007301988928920644
aF0.5742328228714962
aF0.11415063321934271
aF0.8437116806401727
aF0.030751970644295912
aF5.575518661643841
aa(lp14
F0.8492942083546996
aF0.11585168531828771
aF0.46249543009582017
aF0.9447039373008299
aF0.04839442140378081
aF0.2309762407209479
aF0.1886691320630598
aF13.301062090425042
aa(lp15
F0.16946546111975602
aF0.5052941545754573
aF0.042995074593923155
aF0.21675599851377847
aF0.5454802129060192
aF0.10607481561290277
aF0.6775416784240825
aF0.6934522061428225
aa(lp16
F0.44288400368123637
aF0.03309575436063028
aF0.02422460785069125
aF0.08324753437623089
aF0.01684253762393839
aF0.48748957613823685
aF0.4781429902410058
aF16.44284939748504
aa(lp17
F0.40461987512068787
aF0.25393496103468305
aF0.3772956600887528
aF0.13631414772038164
aF0.1410268458775107
aF0.30344192222533384
aF0.39694567206826936
aF4.413935422158801
aa(lp18
F0.18135675371304005
aF0.762260421229619
aF0.10523891169604116
aF0.8199173780328607
aF0.06109456162073512
aF0.019094666844504338
aF0.30393236997264494
aF6.217237919346076
aa(lp19
F0.11738126307297625
aF0.6959378394292415
aF0.2382524385720145
aF0.21053058143903236
aF0.5459356787385174
aF0.6967767154190527
aF0.1316230313804274
aF5.430885322396058
aa(lp20
F0.029897372413679735
aF0.05193105280662691
aF0.09827027586004522
aF0.617122648202516
aF0.3516348345432512
aF0.013417745009124848
aF0.0640902205896886
aF4.044373501061003
aa(lp21
F0.6662476609807167
aF0.039688030434657295
aF0.9068911602880971
aF0.8491785252408994
aF0.17051999169036658
aF0.13033616146820648
aF0.5792235001057289
aF9.504278463736185
aa.