(lp0
S'dtlz1_o4_d20_u_spread'
p1
a(lp2
F356.47118523177767
aF91.3069494834221
aF154.62552740490037
aF35.255715160959085
aa(lp3
F118.4338478522593
aF4.299028140582175
aF222.55545154529554
aF439.69082401702605
aa(lp4
F9.87502495774397
aF17.33759015685493
aF757.6254541201199
aF425.7202545040625
aa(lp5
F121.13939118622785
aF340.6833275454511
aF14.270539358532417
aF396.24695154804635
aa(lp6
F313.10339423149026
aF87.20433199689596
aF288.834075718714
aF4.8923786215575875
aa(lp7
F3.7067360468614674
aF10.461274114742295
aF614.6437613371571
aF513.5248359335542
aa(lp8
F102.70219070688697
aF108.08946188056498
aF211.56605693181723
aF15.71890527898266
aa(lp9
F159.99767403208847
aF144.87105777662438
aF451.54692615075624
aF824.1754028572057
aa(lp10
F91.20376061321468
aF149.51681274969093
aF186.65608719962714
aF0.6685114733641608
aa(lp11
F89.09384655698503
aF147.52421669293906
aF76.89386734230945
aF45.41295455492097
aa(lp12
F72.60218898533883
aF99.87763984327631
aF397.70067867114574
aF338.20765790692474
aa(lp13
F179.78743690808327
aF64.17252477055163
aF125.43580850680806
aF89.33269314308109
aa(lp14
F2.730187861134468
aF120.27377088932201
aF303.1221702806704
aF203.3037396568676
aa(lp15
F398.1963990408361
aF28.35492845283372
aF29.29805284687356
aF547.0950427998696
aa(lp16
F119.07215863178175
aF279.8935091051951
aF47.09332084248504
aF285.0965804815932
aa(lp17
F276.5460220756304
aF138.64129985906314
aF45.82189508461235
aF251.78882179637202
aa(lp18
F126.42603713192888
aF285.1442279071406
aF264.2101389904834
aF673.4991510552316
aa(lp19
F222.82397247462646
aF304.2721666138879
aF103.81457713580363
aF477.2526350220789
aa(lp20
F58.90347510011362
aF52.06518516318505
aF76.00767203767776
aF111.1678859888366
aa(lp21
F13.601845689378008
aF617.188401056519
aF283.47512555292764
aF657.6674041205343
aa.