(lp0
S'dtlz7_o8_d40_u_spread'
p1
a(lp2
F0.5520842414749717
aF0.6655902799084501
aF0.8369674213567362
aF0.5502422450292082
aF0.5051549377080047
aF0.6261724779521873
aF0.842364372323435
aF4.551593429652776
aa(lp3
F0.03987563892297907
aF0.1798467649276746
aF0.7255004910656527
aF0.2792164325280435
aF0.109907140195036
aF0.214313852143434
aF0.844045241969412
aF2.128203128415194
aa(lp4
F0.49605778880843354
aF0.2820263616378641
aF0.043372942848748264
aF0.5274696166809977
aF0.15171850758358907
aF0.03944231814780608
aF0.6525179140836411
aF4.043367938892786
aa(lp5
F0.42722668385485385
aF0.8639946978968854
aF0.02000601027339366
aF0.11169428453852781
aF0.25048877631266186
aF0.5501992673839685
aF0.06411425631320855
aF1.3833792627395383
aa(lp6
F0.6334372029463856
aF0.19336859519270766
aF0.4661192013614055
aF0.367238826837468
aF0.11714782099141074
aF0.48150447761778925
aF0.12703822308678248
aF4.833794842894264
aa(lp7
F0.46017360215312897
aF0.1649147836794973
aF0.5728494501022278
aF0.47123588106596703
aF0.8762777347121198
aF0.25672578777996813
aF0.2666782658126565
aF4.770999836707375
aa(lp8
F0.40819422713559683
aF0.16857250266827828
aF0.12998145004224415
aF0.4591053210114624
aF0.2752080326535916
aF0.46826643443933136
aF0.39570005790158325
aF0.7672699206717226
aa(lp9
F0.4100642584285591
aF0.20608669658175682
aF0.6456397539745619
aF0.7165970389815843
aF0.2925814849992291
aF0.13178197606028474
aF0.13755168565789988
aF4.790453786288147
aa(lp10
F0.05753030868709763
aF0.2739499411814351
aF0.7177647315450754
aF0.04368182011249744
aF0.08893046893443957
aF0.02026776507888972
aF0.3137751786229239
aF6.448102011818946
aa(lp11
F0.4060233739339578
aF0.32369488175453043
aF0.0
aF0.0
aF0.0
aF0.2612007090274219
aF0.03995186270579676
aF5.422590957617842
aa(lp12
F0.0750390762504548
aF0.12520789295440404
aF0.44450160579170084
aF0.2802222107111677
aF0.10651847797763125
aF0.2773309144638759
aF0.5527240231015529
aF2.7511542908436866
aa(lp13
F0.07342716386034964
aF0.3260548519965132
aF0.23427392558916638
aF0.009596744819881708
aF0.024992233465762514
aF0.6427389273011817
aF0.3151388178534722
aF1.2214983857993502
aa(lp14
F0.45454554106455347
aF0.5197348718777822
aF0.35333904847038233
aF0.007604478377650659
aF0.45958985498707317
aF0.11330767036091594
aF0.11184437528466129
aF8.267814628864315
aa(lp15
F0.27251481097357777
aF0.13077382001347237
aF0.3751070679938391
aF0.16221902746157657
aF0.05812552534383575
aF0.12011527415671219
aF0.20177148686774515
aF1.2987552748650586
aa(lp16
F0.14932770849633314
aF0.09932831665699438
aF0.1858897879090874
aF0.4157431667869186
aF0.35851191781868397
aF0.6304277604782438
aF0.00750352117084252
aF2.3721194803891876
aa(lp17
F0.19410456602084925
aF0.9126961577889393
aF0.4956497464959836
aF0.8078996252748363
aF0.1903344547255612
aF0.29117861242603205
aF0.03070352128491871
aF4.999142297747333
aa(lp18
F0.42118749030935476
aF0.5061635386434177
aF0.048269843627048226
aF0.5481886692495308
aF0.19653519386727603
aF0.5328228790764741
aF0.30819530519387695
aF6.390556144684155
aa(lp19
F0.632930226239148
aF0.2250503106775268
aF0.0870345261012162
aF0.26289142425824286
aF0.21116821184603263
aF0.10254883769126688
aF0.34105877468010515
aF1.334938276679381
aa(lp20
F0.012868243232892262
aF0.13799301439531797
aF0.06071387856035293
aF0.15798868268192323
aF0.09514767265326729
aF0.31747497810564906
aF0.35360767042008023
aF6.379873345520366
aa(lp21
F0.6253279097897678
aF0.4181578462920643
aF0.4370350617545543
aF0.1600001070696625
aF0.34507649638897586
aF0.19106623933303124
aF0.11056515346993434
aF0.4587397650852765
aa.