(lp0
S'dtlz7_o6_d10_u_spread'
p1
a(lp2
F0.009412300943754115
aF0.062481560057196295
aF0.6226735044987931
aF0.13785250777005087
aF0.045120873272823436
aF2.445973560125541
aa(lp3
F0.034540898433793155
aF0.059996834620619666
aF0.08173188123655795
aF0.045374152329338724
aF0.010117473868683668
aF5.728340195696589
aa(lp4
F0.17442518393457673
aF0.02000337714597966
aF0.8187922905786768
aF0.11158687767541642
aF0.0403853830521923
aF4.871143519956835
aa(lp5
F0.016987471494069317
aF0.8511982661344732
aF0.251948504361036
aF0.4025266247919639
aF0.2880029917415452
aF16.351347258358967
aa(lp6
F0.03729108430558037
aF0.039047532884415204
aF0.32934656427920916
aF0.0
aF0.03969928757103902
aF4.942858660013837
aa(lp7
F0.0
aF0.12690248114736224
aF0.02625486609997396
aF0.31066060873519186
aF0.010149459943192607
aF10.08266327509195
aa(lp8
F0.6448302146068257
aF0.008236087966447814
aF0.41296723838719107
aF0.07628065609748647
aF0.04234681289011544
aF2.944579530095897
aa(lp9
F0.1211932870942577
aF0.007173456172633208
aF0.10611921324861961
aF0.42361849051954137
aF0.5094183674883929
aF6.459876288604292
aa(lp10
F0.3007264812787942
aF0.034339170128855234
aF0.8630052290384418
aF0.6388586807176924
aF0.037559309421199116
aF4.218519181516594
aa(lp11
F0.012263572208864537
aF0.03879530223105332
aF0.5548914152047743
aF0.19685908153025666
aF0.4898072738997826
aF5.794646822930897
aa(lp12
F0.1595036449782462
aF0.06262110570991164
aF0.8314963439575395
aF0.22167155407146877
aF0.10178401355105804
aF13.826201147103543
aa(lp13
F0.4671448291259763
aF0.034522024557995024
aF0.404528300523849
aF0.18039784678172233
aF0.02478393013076119
aF1.9472896824767325
aa(lp14
F0.374827706515384
aF0.2987037605515621
aF0.06791973496852022
aF0.05028257488456611
aF0.33254196714214523
aF2.199151860498386
aa(lp15
F0.8134722562542713
aF0.033084403423810915
aF0.6250982566350677
aF0.9649119353455801
aF0.9140044715573453
aF2.3254026881705343
aa(lp16
F0.005675455099024007
aF0.10494191728468372
aF0.15414016777233197
aF0.6477533456299606
aF0.31818693919154184
aF0.34986621818412544
aa(lp17
F0.2680844683157021
aF0.7638215872881934
aF0.04346220773891751
aF0.5450384403608572
aF0.270328432204357
aF4.659851994684356
aa(lp18
F0.11125749575325938
aF0.24335886917689775
aF0.010459922903020669
aF0.39661582120694927
aF0.2368444483412988
aF3.5408596063476736
aa(lp19
F0.008749023610975626
aF0.5581804024346124
aF0.0431448418041267
aF0.06906918050715227
aF0.08674312701860598
aF5.48003278446674
aa(lp20
F0.15698585195614922
aF0.0019203123370569175
aF0.10586790091149267
aF0.25590880433379415
aF0.17895976191739615
aF2.476457733389555
aa(lp21
F0.1891911542038729
aF0.13774793927222895
aF0.02294929356750186
aF0.11727048855712519
aF0.42581325621213095
aF3.1533582235068813
aa.