(lp0
S'dtlz7_o6_d40_u_spread'
p1
a(lp2
F0.8900678239327586
aF0.6137953415104094
aF0.8246950152151761
aF0.8380098037588082
aF0.521586296240011
aF10.312556100589834
aa(lp3
F0.31132785725852696
aF0.05839269196777641
aF0.03160447003672606
aF0.31071453967601625
aF0.1098775378404182
aF2.123759623120616
aa(lp4
F0.18193837922190725
aF0.4341095351997494
aF0.05972931276373106
aF0.5025812335995
aF0.7180898214764276
aF0.974481902212375
aa(lp5
F0.5625857380317043
aF0.44771644780679043
aF0.15915307271571388
aF0.08642308619993966
aF0.4029653170840043
aF0.19871257591871228
aa(lp6
F0.8612391392912453
aF0.12057867051501714
aF0.617224204758711
aF0.4402155767546505
aF0.16614779898023724
aF0.6350269195802802
aa(lp7
F0.6821739860955509
aF0.2927125899722701
aF0.3797908420982773
aF0.24737674982275637
aF0.09033750289877618
aF2.570635722631881
aa(lp8
F0.6046514926480608
aF0.0834277228681295
aF0.2911655267490818
aF0.6677441302491764
aF0.6283951489866275
aF3.387808359086545
aa(lp9
F0.6216919742453667
aF0.01743393612121591
aF0.013321821834512582
aF0.9557670345016979
aF0.1744850331369342
aF0.7730937673616864
aa(lp10
F0.2135184393835281
aF0.27492054646657793
aF0.21662008452004256
aF0.6835520062645459
aF0.16035608141110824
aF3.207303650371415
aa(lp11
F0.18382484406814747
aF0.5945452518212265
aF0.1779837658773259
aF0.5698545059169389
aF0.321063026714843
aF1.949587887495408
aa(lp12
F0.22851634568674717
aF0.20430386963877467
aF0.39315139678844313
aF0.373222098722622
aF0.784349330330604
aF0.432909570548599
aa(lp13
F0.28802006042093364
aF0.019559597761990122
aF0.3454017475737893
aF0.5263665639514452
aF0.30202911629861584
aF0.4012926938797037
aa(lp14
F0.06842105622212957
aF0.15031641906270432
aF0.28306278353735326
aF0.9138547652330157
aF0.2024879139947643
aF3.885486827451704
aa(lp15
F0.28916410508325907
aF0.2326527875188985
aF0.03462790222116863
aF0.7501064950296177
aF0.055420882820845785
aF2.2819173546469713
aa(lp16
F0.181513273343188
aF0.005258163515756031
aF0.4859573989311289
aF0.31264905871750315
aF0.6177494754632376
aF4.701174064637353
aa(lp17
F0.11913117387920225
aF0.0323268997931907
aF0.273091229780857
aF0.1286382681232403
aF0.500036207456668
aF0.1567659329296589
aa(lp18
F0.26974113433133173
aF0.03598084176404148
aF0.24963179255506285
aF0.02459922781102386
aF0.8700414728946803
aF5.828451141241679
aa(lp19
F0.1314704063394534
aF0.5095489767283766
aF0.669678330079147
aF0.2800096928697633
aF0.6619481002458233
aF4.552561972917328
aa(lp20
F0.3919879154097079
aF0.11236644320908973
aF0.05591959436786986
aF0.014765834794453148
aF0.05526000187112645
aF1.4852474364903117
aa(lp21
F0.2617625287857802
aF0.6721741713143127
aF0.0189953001478943
aF0.3991206386883437
aF0.5058074076248135
aF5.086570428469123
aa.