(lp0
S'dtlz1_o2_d20_u_spread'
p1
a(lp2
F30.60081959338392
aF25.300207499562525
aa(lp3
F63.88798575765876
aF67.26221234297212
aa(lp4
F27.465970001211186
aF45.88404513273544
aa(lp5
F20.95836267256329
aF30.724792573057616
aa(lp6
F32.86376584372478
aF39.2314938166121
aa(lp7
F25.305525975959135
aF17.95506599732252
aa(lp8
F17.657056610500597
aF29.5823499111124
aa(lp9
F83.09541453592122
aF87.33277272214929
aa(lp10
F24.13764578670083
aF10.141941759775648
aa(lp11
F44.592125084796905
aF53.28151169753735
aa(lp12
F16.332002876541758
aF34.667729896900596
aa(lp13
F19.554196779312786
aF27.728331981948877
aa(lp14
F50.612410757748904
aF47.510361586973914
aa(lp15
F10.138230272854813
aF7.950351328034081
aa(lp16
F97.19431132258701
aF61.29657121954459
aa(lp17
F67.80418036888746
aF97.16382176983937
aa(lp18
F59.83652252492895
aF46.58006306225699
aa(lp19
F10.161378740936499
aF1.0206003116552416
aa(lp20
F1.9688493404359235
aF18.95013267433358
aa(lp21
F62.65950361534056
aF66.87167474788448
aa.