(lp0
S'dtlz5_o2_d10_u_spread'
p1
a(lp2
F0.6967768561450425
aF0.7205680337492273
aa(lp3
F0.06468795227765178
aF0.08911856651170369
aa(lp4
F0.10337504559223726
aF0.09227184924329268
aa(lp5
F0.44689236509256525
aF0.36540662191076845
aa(lp6
F0.12851775400667853
aF0.15496435330298025
aa(lp7
F0.17787986713999412
aF0.12512432668694662
aa(lp8
F0.3847045084385851
aF0.32242101294504966
aa(lp9
F0.4338750791347784
aF0.47785963099024814
aa(lp10
F0.37056679332217923
aF0.48162150013796734
aa(lp11
F0.5522110113879789
aF0.7088011521981997
aa(lp12
F0.32398444856875797
aF0.3585430674208813
aa(lp13
F0.7919073819317114
aF0.9420083088249722
aa(lp14
F0.40466371759402653
aF0.4113053773576544
aa(lp15
F0.1938622409310069
aF0.20720483991129374
aa(lp16
F0.24179054244922638
aF0.3001689473214709
aa(lp17
F0.0700163763477315
aF0.10873072560782072
aa(lp18
F0.5075965521254875
aF0.49307985670801935
aa(lp19
F0.006967193834925833
aF0.019344470597901932
aa(lp20
F0.32971224828853984
aF0.4287116244330611
aa(lp21
F0.022770144172920115
aF0.014062092565201634
aa.