(lp0
S'dtlz3_o8_d40_u_spread'
p1
a(lp2
F477.08871332365123
aF13.03155451452399
aF6.258094497234929
aF949.0978287977089
aF804.6036961354582
aF1872.620028085848
aF953.593746374307
aF2059.771737312127
aa(lp3
F35.34402736457517
aF147.79562072487604
aF326.38084465472366
aF8.055859600705531
aF496.77353228349966
aF2080.3879636084093
aF2148.6498109075055
aF671.0427826302194
aa(lp4
F266.8976715948077
aF690.1216147091687
aF189.96073096218643
aF413.2791406366805
aF445.3121240118584
aF2053.935427637598
aF1103.7944445704793
aF1804.720965323676
aa(lp5
F1772.8717763480736
aF1704.9625688567787
aF762.1470705115638
aF455.8955745102218
aF1841.1767037927657
aF1025.4711837111913
aF1443.7627687524255
aF2289.2630343408173
aa(lp6
F246.8721211259298
aF157.77109007907495
aF55.9715812981182
aF132.9031213561537
aF218.0640859992439
aF523.8299497223813
aF377.43321011558294
aF856.7097246376213
aa(lp7
F93.93487136297628
aF204.56494382738612
aF31.47255052075896
aF123.76441325600342
aF1817.590979477023
aF2039.8379394580927
aF1449.2834286007444
aF501.53281729178866
aa(lp8
F76.73815185140566
aF764.9493100464513
aF531.2033453446172
aF485.81832422015304
aF2158.189011963922
aF2895.8694846405288
aF1827.1722236167088
aF547.7776916820155
aa(lp9
F6.5447148199120235
aF4.01850337578972
aF63.013335246327955
aF637.7129990516145
aF347.59537100550915
aF1021.5504953514873
aF744.0752629650997
aF611.0648261456174
aa(lp10
F0.006384560743626915
aF0.008396333839231381
aF0.470394261183101
aF609.1109106320911
aF155.12653439503552
aF501.6667523328804
aF847.5405113587203
aF427.6073567195176
aa(lp11
F20.04840052638477
aF52.84251897128258
aF1661.6163163715098
aF3028.9009247579384
aF951.3045495058097
aF388.65372326015546
aF571.8730119775421
aF2982.031414148936
aa(lp12
F232.18377880180694
aF124.33934775662117
aF1216.6915616728395
aF550.8522125564533
aF1857.6749727132842
aF3035.236490530171
aF1825.5619665112317
aF703.544939242217
aa(lp13
F6.4770326731391075
aF1024.5704023002418
aF535.6866319094623
aF660.0114236551275
aF22.725806538270955
aF124.24854961925334
aF2071.7305649726713
aF58.047833443855325
aa(lp14
F407.19684221391276
aF346.7822813781952
aF464.50666775532704
aF2433.0817618846804
aF332.50371451992214
aF3938.3605518082327
aF840.5358745794653
aF464.7956294120952
aa(lp15
F126.1236710407068
aF86.06460066185376
aF1971.5824041016028
aF53.78264589925888
aF2961.5453712476724
aF2410.3703572903282
aF2133.7618503761687
aF445.4964669505838
aa(lp16
F401.76414581244023
aF200.16970590749665
aF174.35520551961395
aF1271.7565606700196
aF1478.2713152426404
aF139.2408547328281
aF2305.612525940315
aF928.422145163875
aa(lp17
F5.903159835562931
aF4.746165112315481
aF122.07292321482501
aF1.6763848462181694
aF132.67314708723092
aF330.0481900370378
aF2472.3108261523084
aF1577.4331993373132
aa(lp18
F232.07827748726788
aF644.5512934748479
aF2182.8948966031157
aF36.510873030449375
aF2700.307758834433
aF1375.0732980722096
aF859.0392183550889
aF1542.9093346799948
aa(lp19
F4.430893936160146
aF139.32036937228628
aF114.56488220596921
aF1504.5219989644322
aF1700.4185766546377
aF64.1896577174765
aF1317.3747765757478
aF1852.7103543415772
aa(lp20
F1333.7537014805712
aF142.49571130346675
aF466.69699935365
aF352.0732127180856
aF764.4082408960492
aF1432.6458995670441
aF2832.700726835884
aF1552.4258667764504
aa(lp21
F1.3384497469081467
aF133.9664751204605
aF15.286278645737383
aF366.79446082693346
aF74.88983320069178
aF2689.123348844967
aF1369.6215624271106
aF499.51915731245094
aa.