(lp0
S'dtlz5_o8_d40_u_spread'
p1
a(lp2
F0.19984332796009063
aF0.1615247107653729
aF0.5913297653447263
aF0.1093277159085051
aF0.3464168064267409
aF0.35648271076523663
aF0.8828168847970989
aF0.1325245525696488
aa(lp3
F0.9427930820178301
aF0.47660133161084206
aF2.2157852748584412
aF2.304493507835326
aF0.5889325118289199
aF1.0969196839713518
aF2.0233325201867807
aF4.2306836684447555
aa(lp4
F0.11230652963591481
aF0.030492442848597846
aF0.03958511311660226
aF0.519428914096832
aF2.532125178829558
aF1.1042279099597059
aF2.516466317555337
aF0.21651094387965175
aa(lp5
F0.0954856645340677
aF0.04562834508110791
aF0.17844859576868494
aF0.013398243457513004
aF0.3311458450060324
aF0.08687427779582987
aF0.7760297895790607
aF1.337031695877231
aa(lp6
F0.19648381036315365
aF0.03974624886517934
aF0.15113703821067775
aF0.14727878151826812
aF0.37378087548581546
aF2.6428537002333217
aF1.9472292743435544
aF2.433268045057926
aa(lp7
F0.02538990835342804
aF0.030933691526038448
aF0.46719743779140344
aF0.23420136799506286
aF0.30212897315736054
aF0.21549552117779458
aF1.5478136452343372
aF1.6370453088649728
aa(lp8
F0.5344395650207289
aF0.48985047406373106
aF0.4438867291689704
aF0.1844758044474957
aF0.7409355764594057
aF2.6144630795832504
aF0.42627288018529497
aF1.9759117236669677
aa(lp9
F0.03367001278358889
aF0.019066531289661383
aF0.2812569025449776
aF0.1883415724871096
aF1.4118970195671992
aF0.7341596028301647
aF0.9678617508606604
aF0.7861210217703843
aa(lp10
F0.571611032163773
aF0.03144248697153487
aF0.5410632886259236
aF2.9700313059767702
aF0.08585208368703245
aF0.39690998014223555
aF0.13249242625139201
aF1.804341104582694
aa(lp11
F0.12717756144753017
aF0.33073108635004034
aF0.0008601981506296819
aF0.44519946355571594
aF0.11036305453746603
aF0.696490190587201
aF1.2909680070693246
aF0.9002328918764997
aa(lp12
F0.5575169876376622
aF0.06199164859657877
aF0.40294638856169807
aF0.8309542926085983
aF0.4488401935522005
aF0.45210121257058766
aF0.1870059831301989
aF0.9010038804951503
aa(lp13
F0.037313061912002635
aF0.008007370202071276
aF0.31665068498335036
aF1.3127846258794245
aF2.768025774823291
aF0.03828472012621509
aF2.2514955369503795
aF2.513803459139375
aa(lp14
F0.05660535658976847
aF0.04765459159454238
aF0.1438931205428301
aF0.4317912908883691
aF0.5715327260606267
aF0.5127300758926182
aF3.93612444257423
aF3.9676100478915166
aa(lp15
F0.41143189228334887
aF0.09787610113370869
aF0.1973389128252031
aF0.6176357500390529
aF1.1790117029256786
aF2.893147779272894
aF0.8913564898565018
aF2.71536656839311
aa(lp16
F0.22205885019666075
aF0.4950108051549058
aF0.5373841522484177
aF0.6524985712051281
aF0.1667447639879514
aF1.2900650734211092
aF0.12776952986974877
aF0.9886649735363169
aa(lp17
F0.2861984756068028
aF0.9605688681264961
aF0.7136749241495931
aF0.8231344558228161
aF2.064306786548481
aF1.715861669094676
aF1.160887649069722
aF1.1731993315394011
aa(lp18
F0.27626376974904976
aF0.1860969649717551
aF1.0323660549127915
aF2.3328643198438797
aF0.3829552111020525
aF0.6300006302091041
aF0.08495915774203722
aF2.572008370492107
aa(lp19
F0.21707225953384127
aF0.21777595640465316
aF0.7521017874421344
aF0.16680481013884557
aF2.234744909549178
aF1.858705339557351
aF0.518871606026452
aF2.797115951264881
aa(lp20
F0.22749940200603022
aF0.2215965152249594
aF0.2178961675594796
aF0.6253823354503996
aF0.4208430281313691
aF2.7820509500589115
aF0.07845796686175
aF1.5751534798888507
aa(lp21
F0.07141083955577195
aF0.02710124166272196
aF0.37192597092035684
aF0.11180719909362541
aF1.7607636001005977
aF0.39448570443088027
aF1.3335787215472805
aF0.9066683781669465
aa.