(lp0
S'dtlz1_o4_d10_u_spread'
p1
a(lp2
F4.031608929243873
aF18.460087997225358
aF314.17544966954824
aF277.30533855859653
aa(lp3
F79.74487830260524
aF1.1464252739023864
aF77.0604601320877
aF130.99420794338195
aa(lp4
F0.7942839446145944
aF119.70452167145103
aF191.02099768739006
aF25.618253696780553
aa(lp5
F45.54581295836783
aF156.19526170751158
aF9.42511835476759
aF99.89470741766277
aa(lp6
F44.34630805919631
aF531.7752053403832
aF47.68266814950496
aF144.12853669216858
aa(lp7
F57.25482558122771
aF0.30921113968141356
aF26.519358460545277
aF3.197656897801325
aa(lp8
F26.968557154704303
aF167.56370339356016
aF121.14578935663693
aF151.28152404228283
aa(lp9
F0.037234792748761035
aF0.9128044385829925
aF9.34014620519826
aF233.9569019096409
aa(lp10
F316.22506289689727
aF275.4114757365814
aF4.910492174753678
aF1.758590390174792
aa(lp11
F198.76571807956688
aF45.40138520440169
aF42.781303240739
aF113.6662744815787
aa(lp12
F253.48645459424705
aF126.79765385463172
aF7.327365719646531
aF117.64671207824708
aa(lp13
F16.067341394860197
aF1.4327727261683734
aF10.85972055130469
aF51.704905113490334
aa(lp14
F101.02135611423003
aF0.20605278136089905
aF37.54762291457314
aF21.359683959405046
aa(lp15
F1.734698163232912
aF1.5878848334718416
aF48.535320161364055
aF10.879832036720558
aa(lp16
F160.97664324098076
aF56.91641154300134
aF130.42372181855487
aF27.34229985280996
aa(lp17
F3.7593124567699414
aF9.103697106169069
aF58.94072147628037
aF81.16625372261352
aa(lp18
F11.83004319060727
aF45.77535558406214
aF90.2989073750635
aF14.603957128690336
aa(lp19
F0.4839979270534873
aF0.273925277323495
aF81.86195586064356
aF161.16292213598376
aa(lp20
F38.193557276193594
aF37.52470420260305
aF9.52811040888056
aF153.22230538957052
aa(lp21
F69.80538219528275
aF1.3478252475922319
aF106.29299640598003
aF25.469586906240906
aa.