(lp0
S'dtlz5_o8_d20_u_spread'
p1
a(lp2
F0.028835328042904396
aF0.10884635296032806
aF0.06257149024717013
aF0.28985351979671686
aF0.6271810068826464
aF0.5830215337572202
aF0.20990159066796876
aF0.6272406071771421
aa(lp3
F0.030985973330765745
aF0.011458343798954294
aF0.0928688631739003
aF0.27654924536002634
aF0.01693722159583899
aF0.7251692910775491
aF0.28404097810680495
aF1.6646137514135677
aa(lp4
F0.20769476937896955
aF0.284075904023686
aF0.25707968721515834
aF0.03196905635972247
aF0.7542896198072974
aF1.0471951387795708
aF0.2041762588938778
aF0.07609440392977407
aa(lp5
F0.1531101545303863
aF0.2653711960544336
aF0.13046526072298734
aF0.028174152995509072
aF0.969954839790118
aF1.1390797255353773
aF0.5493201637270373
aF0.36822956731497236
aa(lp6
F0.3531863536284775
aF0.09553014767006862
aF0.028478467590884127
aF0.3543447130319388
aF0.3720429792415726
aF0.25462761917446625
aF0.32744324305122685
aF0.07744414059681537
aa(lp7
F0.04882025137165824
aF0.15353769505026402
aF0.13049828238371428
aF0.3038019614628823
aF0.8073330394873551
aF0.02441531198069269
aF0.29872295717679365
aF0.16102200517681386
aa(lp8
F0.05729734181814394
aF0.020240005497438596
aF0.007416830016181819
aF0.03918843747072201
aF0.12715327934323528
aF1.4656865861888106
aF0.6981421457724133
aF1.2628794396769825
aa(lp9
F0.6159411724891498
aF0.5945729140042145
aF1.0665226646505566
aF0.6736548353875788
aF0.5445375332345546
aF1.704105979475934
aF0.7402412530293868
aF1.3713802844148584
aa(lp10
F0.22364595979738106
aF0.0941490665536571
aF0.005517912647620304
aF1.5538165101466384
aF0.4101156084437624
aF0.13927924432277694
aF0.5888773456593066
aF0.329145557235483
aa(lp11
F0.16098267156501872
aF0.18627334121240785
aF0.27292334986943323
aF0.22467444128914618
aF0.959886587966638
aF0.644905003620041
aF0.07775533918540378
aF0.7434171719597303
aa(lp12
F0.24010959255411976
aF0.17382956941299715
aF0.6588874776241447
aF0.17747454833409304
aF0.11219807928122083
aF0.860910846693578
aF1.5657558538843497
aF0.33327605970124397
aa(lp13
F0.08779427608617038
aF0.04140920874549006
aF0.16045127091713243
aF0.0930326088259609
aF0.4303962006763763
aF0.6460559630358779
aF0.21026182174847063
aF0.4769972526323699
aa(lp14
F0.2002242468990841
aF0.14085643942060141
aF0.07179422656891213
aF0.20016285436899897
aF0.026649540017231077
aF0.43930575591482335
aF1.4555236534283376
aF0.327847389265731
aa(lp15
F0.0034963316368222357
aF0.05715360964094817
aF0.0056938520642956375
aF0.18068770431951592
aF0.7071207660860378
aF0.7914971837302278
aF1.337921827252665
aF0.9245194822142704
aa(lp16
F0.03569364166446955
aF0.002027418818436093
aF0.04194687667417865
aF0.15659081221642945
aF0.2795198856080741
aF0.3061328703607873
aF0.04539068027924342
aF0.13984351490117453
aa(lp17
F0.09656816975357904
aF0.05952053169517635
aF0.04385599090900051
aF0.006392732258705597
aF0.3169247057465814
aF0.5722198279835111
aF0.57758922525726
aF0.4793082022074939
aa(lp18
F0.3603899877440391
aF0.3256141628141674
aF0.3796065158126869
aF0.46111172459881833
aF0.37399372854955193
aF0.7794860626362178
aF1.4699434706158754
aF1.7535866014358006
aa(lp19
F0.16947039757687
aF0.244551641139064
aF0.10712085467386492
aF0.6526555053647154
aF0.48524069291960936
aF0.3570896495765687
aF1.454931876885266
aF0.7316383205912882
aa(lp20
F0.01821011966691409
aF0.042309362343696436
aF0.2288279976505394
aF0.02558671149011632
aF0.7710203233027427
aF1.0845931253328671
aF0.30975274130885055
aF1.116500434212383
aa(lp21
F0.28257286678490295
aF0.09018962707839127
aF0.15398003381193254
aF0.31729158506774857
aF0.43759357435457347
aF0.23338816255783934
aF0.28503431861471573
aF0.5673134925942289
aa.