(lp0
S'dtlz5_o4_d10_u_spread'
p1
a(lp2
F0.12180810361911287
aF0.1329134892433253
aF1.1009959947455514
aF0.18189008460230388
aa(lp3
F0.09791632491576724
aF0.12314541504456933
aF0.23988793551733956
aF0.43284873634716653
aa(lp4
F0.10366432929058328
aF0.09938853162078098
aF0.12193527126063985
aF0.023129077731893148
aa(lp5
F0.0008776586176270085
aF0.30965875356762873
aF0.27692319196878734
aF0.698272171353502
aa(lp6
F1.3480171120810114
aF0.8774850890500292
aF0.8906755423067545
aF1.9995481369718067
aa(lp7
F0.3800128980064173
aF0.2620780899656069
aF0.8292245555121085
aF0.6152579538932554
aa(lp8
F0.5628905547685638
aF0.6581875138117236
aF0.7225625354912654
aF1.0621855403811589
aa(lp9
F0.8399738388669744
aF0.10718265650181946
aF0.7406424765329194
aF0.24568012539599038
aa(lp10
F0.08117463469894859
aF0.19321629745965607
aF0.12842384320873923
aF0.3243691018103083
aa(lp11
F0.04611841878803147
aF0.2562848158349988
aF0.028824852687673985
aF0.6101536282709673
aa(lp12
F0.3117197821511618
aF0.08385872172358666
aF0.2622467466891907
aF0.25530682050926884
aa(lp13
F0.04411777849286824
aF0.45299761395001803
aF0.6168228249118383
aF0.421625109180294
aa(lp14
F0.21718341150588372
aF0.34826491035933727
aF0.8016276632275063
aF0.6836904749315614
aa(lp15
F0.10695829296644954
aF0.17380873062799607
aF0.5673452348733823
aF0.5373182764252323
aa(lp16
F0.003965816543240408
aF0.43052780620812336
aF0.7396253516576238
aF0.6711323118152042
aa(lp17
F0.19980591503842787
aF0.029681562943134232
aF0.702332335559512
aF0.4022675499592328
aa(lp18
F0.46683816990021954
aF0.7568627887827073
aF0.16442117129734513
aF0.4515953642521382
aa(lp19
F0.28590082196613825
aF0.33643655668502714
aF0.342602340705495
aF0.5428153430529834
aa(lp20
F0.1858646452552134
aF0.2657934188361041
aF0.5463868236208759
aF0.21736326398855385
aa(lp21
F0.40883288570570697
aF0.4020994252884422
aF0.5693469500364208
aF1.0147263843857703
aa.