(lp0
S'dtlz1_o8_d40_u_spread'
p1
a(lp2
F2.1495602963787186
aF1.9777321645891157
aF144.10675941849976
aF99.28440035260445
aF54.52845150948866
aF136.51197911052225
aF285.3090093098557
aF646.9722784682094
aa(lp3
F3.07479100506047
aF29.19731661247758
aF14.11105941396162
aF150.43792221028346
aF918.380357659098
aF392.003567396081
aF34.79520274996293
aF1451.3972300505084
aa(lp4
F10.800448961650343
aF39.89097377579842
aF45.27185701561566
aF19.04971255181811
aF0.1721475802172805
aF148.43598443436463
aF442.45803331272225
aF568.5696548308224
aa(lp5
F95.38710099475989
aF53.50535395674414
aF2.1962901547110683
aF61.08266923820905
aF193.08664404224746
aF296.36855445814433
aF83.79250021417839
aF7.927786229729236
aa(lp6
F4.62451779774418
aF0.2879856000134371
aF13.450497355793944
aF15.840479878445151
aF92.8567272203421
aF665.8958091571789
aF29.310725581580527
aF498.6884678725608
aa(lp7
F0.7110560045193406
aF0.1701859656421657
aF1.2360959932956652
aF0.8989803986663606
aF1.4997985694638138
aF7.810825383354821
aF820.8270983693711
aF1188.6949940590132
aa(lp8
F2.7647720827219953
aF3.0622278150091096
aF3.8410560439490853
aF11.365285227108775
aF26.332490356764637
aF210.92864086556608
aF759.7641777096972
aF583.239505824383
aa(lp9
F85.65321435385448
aF16.553852784769767
aF37.59174970211906
aF164.0519080925913
aF366.1954578117584
aF920.9326551217396
aF186.20475705870933
aF1287.8437142036005
aa(lp10
F30.248151617573914
aF38.81656872781877
aF66.3782744498792
aF122.53006227798728
aF211.76911783316407
aF1009.2137837209498
aF436.75371645115695
aF1035.0774392162364
aa(lp11
F11.407492198325631
aF61.74145793451082
aF9.1352621030777
aF205.42479436396422
aF58.700502184370855
aF389.9549399106042
aF864.1426179655282
aF1073.0358332609571
aa(lp12
F4.817634867467284
aF259.83329853203503
aF92.16053014153283
aF194.08131348742916
aF14.948737917247328
aF642.9431781931982
aF136.5708539763105
aF1304.7559795102725
aa(lp13
F0.27952816893983623
aF0.10109179987350975
aF0.13198289012158787
aF0.7718197823506747
aF22.45749121939479
aF2.579291073127017
aF194.22471978363183
aF261.19442357589287
aa(lp14
F10.129279248121694
aF52.33767594654384
aF18.333901702799096
aF102.50239602279262
aF97.88074031775463
aF418.86437061662167
aF390.32825803740104
aF1018.0439202074415
aa(lp15
F1.4392645306212597
aF3.1944110583890195
aF6.286887352357715
aF1.5732085609044453
aF19.925813162280996
aF723.8980552864637
aF815.5403743124632
aF409.31336015847774
aa(lp16
F53.07213191117692
aF31.04972856022296
aF79.98109046837715
aF199.31198478644816
aF225.93614039306013
aF1086.316708720572
aF989.2531526118861
aF165.3241364112828
aa(lp17
F103.29367682055042
aF43.563658995980596
aF720.3714735204873
aF282.7744519273567
aF20.704652464971183
aF32.89660344140714
aF953.0976903151535
aF319.67171563289025
aa(lp18
F18.70939335901775
aF89.17081946179339
aF157.96217619831464
aF57.73570106943441
aF305.4047463426451
aF257.19536421438306
aF254.92632223773717
aF355.52582338897065
aa(lp19
F6.6771920824007305
aF0.07261167337586943
aF4.670870075554235
aF17.99029780641297
aF36.908504810632714
aF741.0816414683393
aF778.4502902002862
aF114.684539836552
aa(lp20
F4.332044895041477
aF105.32499752515395
aF141.65733049893953
aF142.8858641983978
aF473.6679430479777
aF420.79884005658596
aF896.6298175682314
aF744.9995430663806
aa(lp21
F128.5123743137773
aF62.49525996542191
aF204.05916808586306
aF462.64349271815956
aF136.7244392477597
aF603.0563702583547
aF356.5820206955953
aF133.66641376871732
aa.