(lp0
S'dtlz1_o8_d20_u_spread'
p1
a(lp2
F0.9902061429318287
aF6.18033662629597
aF81.21383664256197
aF186.42702152520286
aF130.88545310193388
aF56.27375901705079
aF48.58906507648018
aF307.9026340958751
aa(lp3
F4.743385641415049
aF5.249413523866086
aF7.855062582501357
aF9.787070757157556
aF253.31627661155332
aF405.2061515859222
aF941.338231954343
aF29.730103224443155
aa(lp4
F6.262147782398006
aF0.6235719607898308
aF2.603521179031675
aF56.66607884524871
aF13.01855349508543
aF54.75353309938558
aF136.22316097777022
aF535.9704607680428
aa(lp5
F7.665356070291474
aF2.5158673066534605
aF3.9456622391651477
aF87.77411328767637
aF61.33531325440546
aF158.06074226534471
aF77.12262863553849
aF439.2694265651345
aa(lp6
F40.86549291502667
aF1.4983824251710964
aF69.56002790974655
aF15.563211872282022
aF118.42917466616649
aF229.4565468708014
aF498.7400401038967
aF82.7412598991552
aa(lp7
F0.816058828041579
aF0.7723187732782626
aF2.9783122163168017
aF0.0011521912006260404
aF8.970232277728616
aF3.0428148853157104
aF384.53415914231334
aF598.9626065807952
aa(lp8
F13.697426412148959
aF8.142307025984145
aF122.36679863273767
aF110.2651426338541
aF141.12644522918617
aF103.71086086120114
aF39.40134589040448
aF224.54590539514572
aa(lp9
F21.481002151218238
aF54.18319139344511
aF28.74835309952459
aF47.80126502973274
aF2.089454176210661
aF357.74189668983865
aF24.72526907501681
aF634.271340223844
aa(lp10
F4.0311002683977675
aF4.837799361057484
aF0.06296267622227517
aF6.454287281497072
aF157.60407277877061
aF7.856168675576555
aF266.44541405074943
aF204.0762186018434
aa(lp11
F1.1263936042125124
aF0.1916971626890029
aF0.5589574056454605
aF0.05845395840002643
aF2.9638356422468664
aF56.801000444899316
aF956.0191472376981
aF836.8747661544728
aa(lp12
F1.0431466748904668
aF3.8296093781133047
aF1.2671612419611584
aF0.8720480391273862
aF41.8535215968595
aF0.46115356427988274
aF265.1399763417656
aF91.46301215181114
aa(lp13
F10.942542505506042
aF27.29542039087766
aF19.58695502700417
aF90.96311029566046
aF87.62678741101676
aF9.882754241334382
aF769.9331783982972
aF249.81330211436526
aa(lp14
F9.938455416885946
aF0.7910771400395902
aF29.035917938519038
aF392.52118922827833
aF57.49304402893031
aF41.011246971717455
aF18.003317326125114
aF240.10628041548148
aa(lp15
F11.420400512381573
aF67.36166758900822
aF57.92593081763622
aF88.96496473583422
aF441.45872585013683
aF8.300495582399279
aF539.0164231749303
aF25.14855047667497
aa(lp16
F0.3860387119582362
aF0.22533491599768646
aF0.09442444044496144
aF27.68121473558464
aF201.9466012354104
aF90.98923689553396
aF357.8023516625916
aF63.92288594911359
aa(lp17
F0.25692616821546876
aF0.07855517081826247
aF0.690732490755093
aF3.1009766810223285
aF79.34510652961984
aF21.943809976527632
aF159.88080641979317
aF76.86215400819799
aa(lp18
F2.497954214151549
aF0.06425346541965707
aF2.3236171839491218
aF0.5595849161104338
aF19.46172669575888
aF106.52071483629658
aF189.57643827008485
aF75.91771109100878
aa(lp19
F7.733914431152878
aF46.85785963877032
aF17.47130224972758
aF44.332311124544205
aF10.301982309299568
aF115.03993295574776
aF436.52179320192715
aF348.3176816257639
aa(lp20
F0.2487919460895318
aF0.09251920098915267
aF12.08190906742632
aF0.7331262809883148
aF22.744872577491723
aF0.6266944410601987
aF280.68954174046576
aF315.9664723643679
aa(lp21
F4.426779515054435
aF10.02954644067056
aF165.15793238018094
aF10.153374401387444
aF5.491469902415035
aF7.553106632524816
aF24.700094623152665
aF38.34170828483025
aa.