(lp0
S'dtlz5_o6_d40_u_spread'
p1
a(lp2
F1.3921320850123748
aF1.1754254659495127
aF1.7469851691505416
aF1.40793127146464
aF1.3211671234147693
aF2.5932110188962967
aa(lp3
F0.28949204271179885
aF0.08124800221549802
aF0.1682371766714965
aF0.989821636939676
aF1.9469447994101228
aF1.6654906164024035
aa(lp4
F1.381333141509552
aF0.690555982053278
aF1.6995309562703216
aF1.048114345000061
aF1.5153731698427055
aF0.6637485677406909
aa(lp5
F0.23573915848895988
aF0.8531603372801981
aF2.311269534069009
aF2.4901112526473126
aF0.8155543725108549
aF0.9913916535215151
aa(lp6
F0.09781817709603254
aF0.15174898191188613
aF0.5978385038264321
aF0.2994276893441989
aF3.129642527829596
aF1.9159492875927202
aa(lp7
F0.1271913686034779
aF0.04253382757113325
aF0.46254355926171004
aF0.42803173172238396
aF3.879205107516155
aF1.9423538013359445
aa(lp8
F2.2350847870184305
aF0.916412286269648
aF0.3404231789447435
aF1.8563043193003081
aF1.4790682611719157
aF1.4536752652211002
aa(lp9
F0.21813018184142963
aF0.6469371445319683
aF0.20370350841373563
aF0.24319443821344683
aF2.231114067652667
aF1.926755629711855
aa(lp10
F0.46240434006874415
aF0.12248303166206113
aF0.5553522180907945
aF0.07540655321606488
aF2.8951216346316073
aF2.6971949190858977
aa(lp11
F1.956859693510299
aF0.34946014042310947
aF1.9317856394554243
aF0.15338910124211258
aF0.2147765188917743
aF2.304350135408928
aa(lp12
F0.13278939226414824
aF0.04224282897903805
aF0.011355724231952774
aF0.5090263125274178
aF0.16601621962546975
aF0.7346309434691549
aa(lp13
F1.8995922210873746
aF1.6123836390871007
aF0.34206287608717595
aF1.7330888793630133
aF1.122028427827832
aF3.090154820887263
aa(lp14
F0.8336695457840007
aF0.535530886569684
aF2.4171199272370405
aF0.9538528821026262
aF0.761424038263574
aF0.40381528633424335
aa(lp15
F0.4136477904423468
aF1.359714186225957
aF3.008888966199917
aF0.7468737044134677
aF1.0102280610162302
aF2.251985728798959
aa(lp16
F0.0734028559117736
aF0.13686872262792102
aF0.17407182788188927
aF0.9894165476648111
aF2.34899930295883
aF1.7038529104767144
aa(lp17
F1.5305044550471423
aF0.6213350964007924
aF0.03531663635433113
aF0.9546024677273377
aF0.7801527063483391
aF0.6103319110230998
aa(lp18
F1.4119101714806495
aF0.6598474728863146
aF0.18657252419225456
aF0.6605948756685562
aF1.4352974538919945
aF0.8217668231458485
aa(lp19
F0.11526846735210766
aF0.001537276103488694
aF1.993832978092784
aF1.5017861850975176
aF1.5896874602961701
aF0.8789293055214511
aa(lp20
F0.02816717730878107
aF0.649550836966397
aF0.343628244317687
aF0.6204815392051705
aF0.2370310299288545
aF1.023911815503404
aa(lp21
F0.20811662707718992
aF0.28361283699012857
aF1.371121669021581
aF0.35959059403061977
aF0.5476984750858258
aF0.5810867912021367
aa.