(lp0
S'dtlz5_o2_d20_u_spread'
p1
a(lp2
F0.3031415737055322
aF0.1718240056907654
aa(lp3
F0.6295450025734833
aF0.47515311338547805
aa(lp4
F0.8023520558406434
aF0.780658594341664
aa(lp5
F0.13704667058826048
aF0.1424414790213867
aa(lp6
F0.10529506640525499
aF0.03550297111006251
aa(lp7
F1.0697774698815705
aF1.051022546514567
aa(lp8
F0.04773732067395717
aF0.04529543314211559
aa(lp9
F0.14073757666985906
aF0.06440626309296671
aa(lp10
F0.5946978479394556
aF0.7480078115907655
aa(lp11
F0.10824459181870694
aF0.22824533020303048
aa(lp12
F0.9667494824651726
aF0.831157992193159
aa(lp13
F0.4622020575660448
aF0.3723149506507809
aa(lp14
F0.5585099409342312
aF0.5240261601038715
aa(lp15
F0.44738367468581486
aF0.6256054243953575
aa(lp16
F0.7710837761996312
aF0.7829420159086442
aa(lp17
F0.9787038017473635
aF0.9177927132764239
aa(lp18
F0.6167061236383958
aF0.5390743191196786
aa(lp19
F0.053914896766185993
aF0.13078664292825526
aa(lp20
F0.0698238656752701
aF0.107193211839227
aa(lp21
F0.23172910376205125
aF0.1879711808777884
aa.