(lp0
S'dtlz1_o2_d10_u_spread'
p1
a(lp2
F20.01356133495107
aF16.905574138592396
aa(lp3
F1.5235485255115182
aF5.49303898561616
aa(lp4
F7.499686079811584
aF24.631763746606417
aa(lp5
F4.190103370670327
aF0.6734211159487149
aa(lp6
F12.936152194699346
aF13.178712273727735
aa(lp7
F18.748854229841594
aF22.634033077972216
aa(lp8
F28.980114079255802
aF20.49650960349203
aa(lp9
F9.378876322619096
aF1.371434560292636
aa(lp10
F6.14041728618318
aF1.485100568913217
aa(lp11
F32.84282157098593
aF12.08557598205207
aa(lp12
F4.878054167324883
aF8.991402408382285
aa(lp13
F3.9070375025358675
aF0.20816444199584794
aa(lp14
F2.1554429230879784
aF9.040811340462128
aa(lp15
F7.539177153297517
aF1.7146450899763073
aa(lp16
F3.506744186640243
aF12.01472091693928
aa(lp17
F3.2808193230905176
aF8.8191186781346
aa(lp18
F0.5246057665421633
aF6.97286421567116
aa(lp19
F33.67176211201786
aF42.123654383413815
aa(lp20
F0.6190536961295523
aF10.872525830600171
aa(lp21
F24.87679887340716
aF2.3755237482575504
aa.