(lp0
S'dtlz7_o4_d10_u_spread'
p1
a(lp2
F0.0014144771069437567
aF0.0
aF0.0037783483415290142
aF0.0007037901460567042
aa(lp3
F0.0
aF0.0
aF0.0
aF0.05391436021863605
aa(lp4
F0.0
aF0.0
aF0.0016527556124094067
aF0.18153179280793275
aa(lp5
F0.0
aF0.0
aF0.0
aF0.0
aa(lp6
F0.0
aF0.0
aF0.0
aF0.0
aa(lp7
F0.0
aF0.0
aF0.0
aF0.03657752589127128
aa(lp8
F0.0006416321932587454
aF0.0
aF0.0
aF0.13465129810308696
aa(lp9
F0.0
aF0.0
aF0.0
aF0.05626367319833747
aa(lp10
F0.0
aF0.011881252091448968
aF0.0
aF0.09658328960717277
aa(lp11
F0.0
aF0.0
aF0.0
aF0.0
aa(lp12
F0.0
aF0.0
aF0.0
aF0.12218135070600944
aa(lp13
F0.002791149764003298
aF0.0
aF0.0
aF3.244235889983523
aa(lp14
F0.0
aF0.0
aF0.0
aF0.14897397668679702
aa(lp15
F0.0
aF0.0
aF0.0
aF0.00841992557845117
aa(lp16
F0.0
aF0.0
aF0.0
aF0.0
aa(lp17
F0.0
aF0.00765127446339231
aF0.0
aF0.018895371046982135
aa(lp18
F0.0
aF0.0
aF0.0
aF0.03146042699054874
aa(lp19
F0.0
aF0.0
aF0.0
aF0.0
aa(lp20
F0.0
aF0.0
aF0.0
aF0.0
aa(lp21
F0.0006025893893906176
aF0.0
aF0.0
aF0.052590962834901944
aa.